2023-05-07 16:27:13,720 Dataset Path D:/PHD/Leaf Disease/CODE/plantvillage dataset
2023-05-07 16:27:13,721 0 D:/PHD/Leaf Disease/CODE/plantvillage dataset\color counts 0
2023-05-07 16:27:13,722 1 D:/PHD/Leaf Disease/CODE/plantvillage dataset\color\Apple___Apple_scab counts 630
2023-05-07 16:27:13,723 2 D:/PHD/Leaf Disease/CODE/plantvillage dataset\color\Apple___Black_rot counts 621
2023-05-07 16:27:13,725 3 D:/PHD/Leaf Disease/CODE/plantvillage dataset\color\Apple___Cedar_apple_rust counts 275
2023-05-07 16:27:13,727 4 D:/PHD/Leaf Disease/CODE/plantvillage dataset\color\Apple___healthy counts 1645
2023-05-07 16:27:13,730 5 D:/PHD/Leaf Disease/CODE/plantvillage dataset\color\Blueberry___healthy counts 1502
2023-05-07 16:27:13,732 6 D:/PHD/Leaf Disease/CODE/plantvillage dataset\color\Cherry_(including_sour)___healthy counts 854
2023-05-07 16:27:13,734 7 D:/PHD/Leaf Disease/CODE/plantvillage dataset\color\Cherry_(including_sour)___Powdery_mildew counts 1052
2023-05-07 16:27:13,736 8 D:/PHD/Leaf Disease/CODE/plantvillage dataset\color\Corn_(maize)___Cercospora_leaf_spot Gray_leaf_spot counts 513
2023-05-07 16:27:13,738 9 D:/PHD/Leaf Disease/CODE/plantvillage dataset\color\Corn_(maize)___Common_rust_ counts 1192
2023-05-07 16:27:13,741 10 D:/PHD/Leaf Disease/CODE/plantvillage dataset\color\Corn_(maize)___healthy counts 1162
2023-05-07 16:27:13,743 11 D:/PHD/Leaf Disease/CODE/plantvillage dataset\color\Corn_(maize)___Northern_Leaf_Blight counts 985
2023-05-07 16:27:13,744 12 D:/PHD/Leaf Disease/CODE/plantvillage dataset\color\Grape___Black_rot counts 1180
2023-05-07 16:27:13,746 13 D:/PHD/Leaf Disease/CODE/plantvillage dataset\color\Grape___Esca_(Black_Measles) counts 1383
2023-05-07 16:27:13,749 14 D:/PHD/Leaf Disease/CODE/plantvillage dataset\color\Grape___healthy counts 423
2023-05-07 16:27:13,751 15 D:/PHD/Leaf Disease/CODE/plantvillage dataset\color\Grape___Leaf_blight_(Isariopsis_Leaf_Spot) counts 1076
2023-05-07 16:27:13,758 16 D:/PHD/Leaf Disease/CODE/plantvillage dataset\color\Orange___Haunglongbing_(Citrus_greening) counts 5507
2023-05-07 16:27:13,762 17 D:/PHD/Leaf Disease/CODE/plantvillage dataset\color\Peach___Bacterial_spot counts 2297
2023-05-07 16:27:13,763 18 D:/PHD/Leaf Disease/CODE/plantvillage dataset\color\Peach___healthy counts 360
2023-05-07 16:27:13,765 19 D:/PHD/Leaf Disease/CODE/plantvillage dataset\color\Pepper,_bell___Bacterial_spot counts 997
2023-05-07 16:27:13,769 20 D:/PHD/Leaf Disease/CODE/plantvillage dataset\color\Pepper,_bell___healthy counts 1478
2023-05-07 16:27:13,770 21 D:/PHD/Leaf Disease/CODE/plantvillage dataset\color\Potato___Early_blight counts 1000
2023-05-07 16:27:13,771 22 D:/PHD/Leaf Disease/CODE/plantvillage dataset\color\Potato___healthy counts 152
2023-05-07 16:27:13,773 23 D:/PHD/Leaf Disease/CODE/plantvillage dataset\color\Potato___Late_blight counts 1000
2023-05-07 16:27:13,775 24 D:/PHD/Leaf Disease/CODE/plantvillage dataset\color\Raspberry___healthy counts 371
2023-05-07 16:27:13,780 25 D:/PHD/Leaf Disease/CODE/plantvillage dataset\color\Soybean___healthy counts 5090
2023-05-07 16:27:13,784 26 D:/PHD/Leaf Disease/CODE/plantvillage dataset\color\Squash___Powdery_mildew counts 1835
2023-05-07 16:27:13,785 27 D:/PHD/Leaf Disease/CODE/plantvillage dataset\color\Strawberry___healthy counts 456
2023-05-07 16:27:13,786 28 D:/PHD/Leaf Disease/CODE/plantvillage dataset\color\Strawberry___Leaf_scorch counts 1109
2023-05-07 16:27:13,791 29 D:/PHD/Leaf Disease/CODE/plantvillage dataset\color\Tomato___Bacterial_spot counts 2127
2023-05-07 16:27:13,793 30 D:/PHD/Leaf Disease/CODE/plantvillage dataset\color\Tomato___Early_blight counts 1000
2023-05-07 16:27:13,795 31 D:/PHD/Leaf Disease/CODE/plantvillage dataset\color\Tomato___healthy counts 1591
2023-05-07 16:27:13,798 32 D:/PHD/Leaf Disease/CODE/plantvillage dataset\color\Tomato___Late_blight counts 1909
2023-05-07 16:27:13,800 33 D:/PHD/Leaf Disease/CODE/plantvillage dataset\color\Tomato___Leaf_Mold counts 952
2023-05-07 16:27:13,803 34 D:/PHD/Leaf Disease/CODE/plantvillage dataset\color\Tomato___Septoria_leaf_spot counts 1771
2023-05-07 16:27:13,806 35 D:/PHD/Leaf Disease/CODE/plantvillage dataset\color\Tomato___Spider_mites Two-spotted_spider_mite counts 1676
2023-05-07 16:27:13,809 36 D:/PHD/Leaf Disease/CODE/plantvillage dataset\color\Tomato___Target_Spot counts 1404
2023-05-07 16:27:13,810 37 D:/PHD/Leaf Disease/CODE/plantvillage dataset\color\Tomato___Tomato_mosaic_virus counts 373
2023-05-07 16:27:13,817 38 D:/PHD/Leaf Disease/CODE/plantvillage dataset\color\Tomato___Tomato_Yellow_Leaf_Curl_Virus counts 5357
2023-05-07 16:27:13,818 Unique Fruit Names
2023-05-07 16:27:13,818 Apple
2023-05-07 16:27:13,818 Blueberry
2023-05-07 16:27:13,818 Cherry_(including_sour)
2023-05-07 16:27:13,819 Corn_(maize)
2023-05-07 16:27:13,819 Grape
2023-05-07 16:27:13,819 Orange
2023-05-07 16:27:13,820 Peach
2023-05-07 16:27:13,820 Pepper,_bell
2023-05-07 16:27:13,820 Potato
2023-05-07 16:27:13,820 Raspberry
2023-05-07 16:27:13,821 Soybean
2023-05-07 16:27:13,821 Squash
2023-05-07 16:27:13,822 Strawberry
2023-05-07 16:27:13,822 Tomato
2023-05-07 16:27:13,822 total images in dataset : 54305
